<?xml version="1.0" encoding="UTF-8"?>
<!-- Generated by org.testng.reporters.JUnitXMLReporter -->
<testsuite ignored="1" hostname="LAPTOP-EGPSQIKQ" failures="0" tests="2" name="Test1" time="0.076" errors="0" timestamp="2022-10-13T18:07:17 IST">
  <testcase classname="com.testNG.GroupsTest" name="login2" time="0.015"/>
  <testcase classname="com.testNG.GroupsTest" name="login3" time="0.001"/>
  <testcase classname="com.testNG.GroupsTest" name="login" time="0.0">
    <ignored/>
  </testcase> <!-- login -->
</testsuite> <!-- Test1 -->
