<?xml version="1.0" encoding="UTF-8"?>
<!-- Generated by org.testng.reporters.JUnitXMLReporter -->
<testsuite ignored="0" hostname="LAPTOP-EGPSQIKQ" failures="1" tests="3" name="Test" time="0.057" errors="0" timestamp="2022-10-15T14:31:55 IST">
  <testcase classname="com.testNG.Depends3" name="reg" time="0.007"/>
  <testcase classname="com.testNG.Depends3" name="smo" time="0.001"/>
  <testcase classname="com.testNG.Depends3" name="san" time="0.001">
    <failure type="java.lang.ArithmeticException" message="/ by zero">
      <![CDATA[java.lang.ArithmeticException: / by zero
at com.testNG.Depends3.san(Depends3.java:18)
at java.base/java.util.ArrayList.forEach(ArrayList.java:1511)
... Removed 25 stack frames]]>
    </failure>
  </testcase> <!-- san -->
</testsuite> <!-- Test -->
