<?xml version="1.0" encoding="UTF-8"?>
<testng-results ignored="0" total="2" passed="2" failed="0" skipped="0">
  <reporter-output>
  </reporter-output>
  <suite started-at="2022-10-19T15:37:17 IST" name="Default suite" finished-at="2022-10-19T15:37:18 IST" duration-ms="78">
    <groups>
    </groups>
    <test started-at="2022-10-19T15:37:17 IST" name="Default test" finished-at="2022-10-19T15:37:18 IST" duration-ms="78">
      <class name="com.testNG.Dataprovider2">
        <test-method signature="logintes(java.lang.Object)[pri:0, instance:com.testNG.Dataprovider2@7f3b84b8]" started-at="2022-10-19T15:37:18 IST" name="logintes" data-provider="data" finished-at="2022-10-19T15:37:18 IST" duration-ms="11" status="PASS">
          <params>
            <param index="0">
              <value>
                <![CDATA[9]]>
              </value>
            </param>
          </params>
          <reporter-output>
          </reporter-output>
        </test-method> <!-- logintes -->
        <test-method signature="logintes(java.lang.Object)[pri:0, instance:com.testNG.Dataprovider2@7f3b84b8]" started-at="2022-10-19T15:37:18 IST" name="logintes" data-provider="data" finished-at="2022-10-19T15:37:18 IST" duration-ms="2" status="PASS">
          <params>
            <param index="0">
              <value>
                <![CDATA[78]]>
              </value>
            </param>
          </params>
          <reporter-output>
          </reporter-output>
        </test-method> <!-- logintes -->
      </class> <!-- com.testNG.Dataprovider2 -->
    </test> <!-- Default test -->
  </suite> <!-- Default suite -->
</testng-results>
